<?xml version="1.0" encoding="UTF-8"?>
<!-- Generated by org.testng.reporters.JUnitReportReporter -->
<testsuite hostname="SivaRam" failures="0" tests="1" name="com.testngTest.FirstTest" time="3.854" errors="0" timestamp="2025-01-23T18:44:53 IST" skipped="0">
  <testcase classname="com.testngTest.FirstTest" name="RegularExpression" time="3.854"/>
</testsuite> <!-- com.testngTest.FirstTest -->
