<?xml version="1.0" encoding="UTF-8"?>
<!-- Generated by org.testng.reporters.JUnitReportReporter -->
<testsuite hostname="SivaRam" failures="0" tests="1" name="com.base.playwright.FirstPlaywright" time="41.777" errors="0" timestamp="2025-02-04T19:52:26 IST" skipped="0">
  <testcase classname="com.base.playwright.FirstPlaywright" name="firstPlaywrightProgram" time="41.777"/>
</testsuite> <!-- com.base.playwright.FirstPlaywright -->
