<?xml version="1.0" encoding="UTF-8"?>
<!-- Generated by org.testng.reporters.JUnitReportReporter -->
<testsuite hostname="SivaRam" failures="0" tests="1" name="com.generic.MyException" time="0.056" errors="0" timestamp="2025-01-23T19:16:51 IST" skipped="0">
  <testcase classname="com.generic.MyException" name="OwnErrorMessage" time="0.056"/>
</testsuite> <!-- com.generic.MyException -->
