<?xml version="1.0" encoding="UTF-8"?>
<!-- Generated by org.testng.reporters.JUnitReportReporter -->
<testsuite hostname="SivaRam" failures="0" tests="1" name="com.testngTest.SecondTest" time="6.625" errors="0" timestamp="2025-01-23T16:42:58 IST" skipped="0">
  <testcase classname="com.testngTest.SecondTest" name="fistTestInSecondTestClass" time="6.625"/>
</testsuite> <!-- com.testngTest.SecondTest -->
